This is e-pTeX, Version 3.14159265-p3.7-160201-2.6 (sjis) (TeX Live 2016/W32TeX) (preloaded format=platex 2017.7.6)  11 JUL 2017 14:53
entering extended mode
 restricted \write18 enabled.
 Source specials enabled.
 %&-line parsing enabled.
**main.tex
(./main.tex
pLaTeX2e <2016/05/07> (based on LaTeX2e <2016/03/31>)
Babel <3.9r> and hyphenation patterns for 83 language(s) loaded.
(c:/texlive/2016/texmf-dist/tex/platex/base/jbook.cls
Document Class: jbook 2006/06/27 v1.6 Standard pLaTeX class
\c@@paper=\count81
(c:/texlive/2016/texmf-dist/tex/platex/base/jbk11.clo
File: jbk11.clo 2006/06/27 v1.6 Standard pLaTeX file (size option)
)
\c@part=\count82
\c@chapter=\count83
\c@section=\count84
\c@subsection=\count85
\c@subsubsection=\count86
\c@paragraph=\count87
\c@subparagraph=\count88
\c@figure=\count89
\c@table=\count90
\abovecaptionskip=\skip41
\belowcaptionskip=\skip42
\symmincho=\mathgroup4
LaTeX Font Info:    Overwriting symbol font `mincho' in version `bold'
(Font)                  JY1/mc/m/n --> JY1/gt/m/n on input line 672.
\toclineskip=\dimen118
\@lnumwidth=\dimen119
\bibindent=\dimen120
\heisei=\count91
)
(c:/texlive/2016/texmf-dist/tex/platex/base/ascmac.sty
Package: ascmac 2016/04/15 v2.0b ascmac wrapper (community edition) 

(c:/texlive/2016/texmf-dist/tex/platex/base/tascmac.sty
Package: tascmac 2016/04/15 v2.0b ascmac package (community edition) 
\@savetbaselineshift=\dimen121
\@saveybaselineshift=\dimen122
\scb@x=\box41
\scscb@x=\box42
\@bw=\dimen123
\@nbox=\box43
\@nbody=\box44
\@scw=\dimen124
\@itemh=\dimen125
\@iboxpos=\toks15
\@iboxstr=\box45
\@bwsp=\box46
\@@bwsp=\box47
\@bcal=\count92
\shaderule=\dimen126
))
(c:/texlive/2016/texmf-dist/tex/latex/graphics/graphicx.sty
Package: graphicx 2014/10/28 v1.0g Enhanced LaTeX Graphics (DPC,SPQR)

(c:/texlive/2016/texmf-dist/tex/latex/graphics/keyval.sty
Package: keyval 2014/10/28 v1.15 key=value parser (DPC)
\KV@toks@=\toks16
)
(c:/texlive/2016/texmf-dist/tex/latex/graphics/graphics.sty
Package: graphics 2016/05/09 v1.0r Standard LaTeX Graphics (DPC,SPQR)

(c:/texlive/2016/texmf-dist/tex/latex/graphics/trig.sty
Package: trig 2016/01/03 v1.10 sin cos tan (DPC)
)
(c:/texlive/2016/texmf-dist/tex/latex/graphics-cfg/graphics.cfg
File: graphics.cfg 2016/01/02 v1.10 sample graphics configuration
)
Package graphics Info: Driver file: dvipdfmx.def on input line 96.

(c:/texlive/2016/texmf-dist/tex/latex/dvipdfmx-def/dvipdfmx.def
File: dvipdfmx.def 2016/04/06 v4.08 LaTeX color/graphics driver for dvipdfmx (T
eX Live/ChoF)

(c:/texlive/2016/texmf-dist/tex/generic/oberdiek/infwarerr.sty
Package: infwarerr 2016/05/16 v1.4 Providing info/warning/error messages (HO)
)
(c:/texlive/2016/texmf-dist/tex/generic/oberdiek/ltxcmds.sty
Package: ltxcmds 2016/05/16 v1.23 LaTeX kernel commands for general use (HO)
)))
\Gin@req@height=\dimen127
\Gin@req@width=\dimen128
) (./matx.sty)
(./manyfloat.sty) (./main.aux)
\openout1 = `main.aux'.

LaTeX Font Info:    Checking defaults for OML/cmm/m/it on input line 6.
LaTeX Font Info:    ... okay on input line 6.
LaTeX Font Info:    Checking defaults for T1/cmr/m/n on input line 6.
LaTeX Font Info:    ... okay on input line 6.
LaTeX Font Info:    Checking defaults for OT1/cmr/m/n on input line 6.
LaTeX Font Info:    ... okay on input line 6.
LaTeX Font Info:    Checking defaults for OMS/cmsy/m/n on input line 6.
LaTeX Font Info:    ... okay on input line 6.
LaTeX Font Info:    Checking defaults for OMX/cmex/m/n on input line 6.
LaTeX Font Info:    ... okay on input line 6.
LaTeX Font Info:    Checking defaults for U/cmr/m/n on input line 6.
LaTeX Font Info:    ... okay on input line 6.
LaTeX Font Info:    Checking defaults for JY1/mc/m/n on input line 6.
LaTeX Font Info:    ... okay on input line 6.
LaTeX Font Info:    Checking defaults for JT1/mc/m/n on input line 6.
LaTeX Font Info:    ... okay on input line 6.
LaTeX Font Info:    External font `cmex10' loaded for size
(Font)              <14.4> on input line 12.
LaTeX Font Info:    External font `cmex10' loaded for size
(Font)              <7> on input line 12.
 [1


]
LaTeX Font Info:    Font shape `JT1/mc/bx/n' in size <20.74> not available
(Font)              Font shape `JT1/gt/m/n' tried instead on input line 16.
LaTeX Font Info:    Font shape `JY1/mc/bx/n' in size <20.74> not available
(Font)              Font shape `JY1/gt/m/n' tried instead on input line 16.
 (./main.toc
LaTeX Font Info:    Font shape `JT1/mc/bx/n' in size <10.95> not available
(Font)              Font shape `JT1/gt/m/n' tried instead on input line 1.
LaTeX Font Info:    Font shape `JY1/mc/bx/n' in size <10.95> not available
(Font)              Font shape `JY1/gt/m/n' tried instead on input line 1.
LaTeX Font Info:    External font `cmex10' loaded for size
(Font)              <10.95> on input line 2.
LaTeX Font Info:    External font `cmex10' loaded for size
(Font)              <8> on input line 2.
LaTeX Font Info:    External font `cmex10' loaded for size
(Font)              <6> on input line 2.
)
\tf@toc=\write3
\openout3 = `main.toc'.

 [1

] [2

] (./main.lof)
\tf@lof=\write4
\openout4 = `main.lof'.

 [3]
[4

] (./main.lot)
\tf@lot=\write5
\openout5 = `main.lot'.

 [5] [6

]
ëÊ 1 èÕ
LaTeX Font Info:    Font shape `JT1/mc/bx/n' in size <14.4> not available
(Font)              Font shape `JT1/gt/m/n' tried instead on input line 24.
LaTeX Font Info:    Font shape `JY1/mc/bx/n' in size <14.4> not available
(Font)              Font shape `JY1/gt/m/n' tried instead on input line 24.
[1

] [2

]
ëÊ 2 èÕ
LaTeX Font Info:    Font shape `JT1/mc/bx/n' in size <12> not available
(Font)              Font shape `JT1/gt/m/n' tried instead on input line 28.
LaTeX Font Info:    Font shape `JY1/mc/bx/n' in size <12> not available
(Font)              Font shape `JY1/gt/m/n' tried instead on input line 28.
[3] [4

]
ëÊ 3 èÕ
File: step11.png Graphic file (type bmp)
<step11.png> [5] [6

]
ëÊ 4 èÕ
[7] [8

]
ëÊ 5 èÕ
[9] [10

]
ëÊ 6 èÕ
[11] (./main.aux) ) 
Here is how much of TeX's memory you used:
 954 strings out of 493693
 11750 string characters out of 6152777
 72816 words of memory out of 5000000
 4531 multiletter control sequences out of 15000+600000
 17173 words of font info for 67 fonts, out of 8000000 for 9000
 929 hyphenation exceptions out of 8191
 27i,6n,21p,251b,279s stack positions out of 5000i,500n,10000p,200000b,80000s

Output written on main.dvi (18 pages, 10672 bytes).
